<?xml version='1.0' encoding='UTF-8'?>
<testsuite hostname="Jamess-MacBook-Pro.local" name="cafex.BillCalculatorSpec" tests="7" errors="0" failures="0" skipped="0" time="0.011" timestamp="2026-03-07T20:31:59">
          <properties>
[...]
</properties>
          <testcase classname="cafex.BillCalculatorSpec" name="step 1: standard bill returns total for purchased items" time="0.009">
                      
                    </testcase><testcase classname="cafex.BillCalculatorSpec" name="step 2: no service charge when all items are drinks" time="0.001">
                      
                    </testcase><testcase classname="cafex.BillCalculatorSpec" name="step 2: 10 percent service charge when order includes cold food" time="0.0">
                      
                    </testcase><testcase classname="cafex.BillCalculatorSpec" name="step 2: 20 percent service charge when order includes hot food" time="0.0">
                      
                    </testcase><testcase classname="cafex.BillCalculatorSpec" name="step 2: service charge is capped at 20 pounds for hot food orders" time="0.001">
                      
                    </testcase><testcase classname="cafex.BillCalculatorSpec" name="rounds service charge to 2 decimal places" time="0.0">
                      
                    </testcase><testcase classname="cafex.BillCalculatorSpec" name="throws helpful error for unknown menu items" time="0.0">
                      
                    </testcase>
          <system-out><![CDATA[]]></system-out>
          <system-err><![CDATA[]]></system-err>
        </testsuite>