<?xml version='1.0' encoding='UTF-8'?>
<testsuite hostname="Jamess-MacBook-Pro.local" name="controllers.EmployeeControllerSpec" tests="5" errors="0" failures="1" skipped="0" time="0.143" timestamp="2026-02-28T10:55:58">
          <properties>
[...]
</properties>
          <testcase classname="controllers.EmployeeControllerSpec" name="EmployeeController.list should render employees from repository" time="0.102">
                      <failure message="java.lang.RuntimeException: No CSRF token was generated for this request! Is the CSRF filter installed?" type="sbt.ForkMain$ForkError">sbt.ForkMain$ForkError: java.lang.RuntimeException: No CSRF token was generated for this request! Is the CSRF filter installed?
	at scala.sys.package$.error(package.scala:27)
	at views.html.helper.CSRF$.$anonfun$getToken$1(CSRF.scala:17)
	at scala.Option.getOrElse(Option.scala:201)
	at views.html.helper.CSRF$.getToken(CSRF.scala:17)
	at views.html.helper.CSRF$.formField(CSRF.scala:35)
	at views.html.employees.list$.$anonfun$apply$1(list.template.scala:54)
	at scala.collection.immutable.List.map(List.scala:247)
	at scala.collection.immutable.List.map(List.scala:79)
	at views.html.employees.list$.apply(list.template.scala:45)
	at controllers.EmployeeController.$anonfun$list$2(EmployeeController.scala:29)
	at scala.concurrent.impl.Promise$Transformation.run(Promise.scala:467)
	at java.base/java.util.concurrent.ForkJoinTask$RunnableExecuteAction.exec(ForkJoinTask.java:1423)
	at java.base/java.util.concurrent.ForkJoinTask.doExec(ForkJoinTask.java:387)
	at java.base/java.util.concurrent.ForkJoinPool$WorkQueue.topLevelExec(ForkJoinPool.java:1312)
	at java.base/java.util.concurrent.ForkJoinPool.scan(ForkJoinPool.java:1843)
	at java.base/java.util.concurrent.ForkJoinPool.runWorker(ForkJoinPool.java:1808)
	at java.base/java.util.concurrent.ForkJoinWorkerThread.run(ForkJoinWorkerThread.java:188)
</failure>
                    </testcase><testcase classname="controllers.EmployeeControllerSpec" name="EmployeeController.create should create employee and redirect on valid form submission" time="0.008">
                      
                    </testcase><testcase classname="controllers.EmployeeControllerSpec" name="EmployeeController.create should return bad request on invalid form submission" time="0.03">
                      
                    </testcase><testcase classname="controllers.EmployeeControllerSpec" name="EmployeeController.update and delete should update and delete an existing employee" time="0.002">
                      
                    </testcase><testcase classname="controllers.EmployeeControllerSpec" name="EmployeeController.update and delete should return not found when editing a missing employee" time="0.001">
                      
                    </testcase>
          <system-out><![CDATA[]]></system-out>
          <system-err><![CDATA[]]></system-err>
        </testsuite>