<?xml version='1.0' encoding='UTF-8'?>
<testsuite hostname="Jamess-MacBook-Pro.local" name="repository.EmployeeRepositorySpec" tests="3" errors="0" failures="0" skipped="0" time="0.016" timestamp="2026-02-28T10:55:58">
          <properties>
[...]
</properties>
          <testcase classname="repository.EmployeeRepositorySpec" name="EmployeeRepository should create and list employees in insertion order by id" time="0.015">
                      
                    </testcase><testcase classname="repository.EmployeeRepositorySpec" name="EmployeeRepository should update an existing employee and return None for missing id" time="0.001">
                      
                    </testcase><testcase classname="repository.EmployeeRepositorySpec" name="EmployeeRepository should delete an employee and report delete result correctly" time="0.0">
                      
                    </testcase>
          <system-out><![CDATA[]]></system-out>
          <system-err><![CDATA[]]></system-err>
        </testsuite>